[INFO ] [2022-10-11 17:17:52,936] Testcase: class com.nopcommerce.user.Suite_04_Register_Login
[INFO ] [2022-10-11 17:17:52,937] Step: click to Register Link
[INFO ] [2022-10-11 17:17:53,762] Step: click to Register button
[INFO ] [2022-10-11 17:17:54,096] Step: Input to FirstName textbox: Nguyen
[INFO ] [2022-10-11 17:17:54,194] Step: Input to LastName textbox: XSang
[INFO ] [2022-10-11 17:17:54,280] Step: Input to Email textbox: seleniumonline661@mailinator.com
[INFO ] [2022-10-11 17:17:54,406] Step: Input to Password textbox: Abc@123
[INFO ] [2022-10-11 17:17:54,499] Step: Input to ConfirmPassword textbox: Abc@123
[INFO ] [2022-10-11 17:17:54,594] Step: click to Register button
[INFO ] [2022-10-11 17:17:55,437] Step: Assert the results
[INFO ] [2022-10-11 17:17:55,489] Step: click to Logout button
[INFO ] [2022-10-11 17:17:56,267] Step: click to Login link
[INFO ] [2022-10-11 17:17:56,780] Step: input to Email textbox: seleniumonline661@mailinator.com
[INFO ] [2022-10-11 17:17:56,865] Step: input to Password textbox: Abc@123
[INFO ] [2022-10-11 17:17:56,950] Step: click to Login button
[INFO ] [2022-10-11 17:17:57,689] Step: assert the Results
[INFO ] [2022-10-11 17:17:57,759] OS name = windows 10
[INFO ] [2022-10-11 17:17:57,759] Driver instance name = firefoxdriver: firefox on windows (201ebd67-541d-4cf7-b131-d432dec99437)
[INFO ] [2022-10-11 17:20:02,652] Testcase: class com.nopcommerce.user.Suite_04_Register_Login
[INFO ] [2022-10-11 17:20:02,653] Step: click to Register Link
[INFO ] [2022-10-11 17:20:03,978] Step: click to Register button
[INFO ] [2022-10-11 17:20:04,280] Step: Input to FirstName textbox: Nguyen
[INFO ] [2022-10-11 17:20:04,374] Step: Input to LastName textbox: XSang
[INFO ] [2022-10-11 17:20:04,480] Step: Input to Email textbox: seleniumonline1197@mailinator.com
[INFO ] [2022-10-11 17:20:04,610] Step: Input to Password textbox: Abc@123
[INFO ] [2022-10-11 17:20:04,716] Step: Input to ConfirmPassword textbox: Abc@123
[INFO ] [2022-10-11 17:20:04,809] Step: click to Register button
[INFO ] [2022-10-11 17:20:05,773] Step: Assert the results
[INFO ] [2022-10-11 17:20:05,835] Step: click to Logout button
[INFO ] [2022-10-11 17:20:06,754] Step: click to Login link
[INFO ] [2022-10-11 17:20:07,405] Step: input to Email textbox: seleniumonline1197@mailinator.com
[INFO ] [2022-10-11 17:20:07,543] Step: input to Password textbox: Abc@123
[INFO ] [2022-10-11 17:20:07,653] Step: click to Login button
[INFO ] [2022-10-11 17:20:08,437] Step: assert the Results
[INFO ] [2022-10-11 17:20:08,517] OS name = windows 10
[INFO ] [2022-10-11 17:20:08,517] Driver instance name = firefoxdriver: firefox on windows (dcb5b5ef-da3b-4d83-9e0d-3cbba4d2e784)
[INFO ] [2022-10-11 17:24:16,767] Testcase: class com.nopcommerce.user.Suite_04_Register_Login
[INFO ] [2022-10-11 17:24:16,767] Step: click to Register Link
[INFO ] [2022-10-11 17:24:17,410] Step: click to Register button
[INFO ] [2022-10-11 17:24:17,734] Step: Input to FirstName textbox: Nguyen
[INFO ] [2022-10-11 17:24:17,817] Step: Input to LastName textbox: XSang
[INFO ] [2022-10-11 17:24:17,909] Step: Input to Email textbox: seleniumonline8788@mailinator.com
[INFO ] [2022-10-11 17:24:18,020] Step: Input to Password textbox: Abc@123
[INFO ] [2022-10-11 17:24:18,102] Step: Input to ConfirmPassword textbox: Abc@123
[INFO ] [2022-10-11 17:24:18,194] Step: click to Register button
[INFO ] [2022-10-11 17:24:19,020] Step: Assert the results
[INFO ] [2022-10-11 17:24:19,077] Step: click to Logout button
[INFO ] [2022-10-11 17:24:19,855] Step: click to Login link
[INFO ] [2022-10-11 17:24:20,358] Step: input to Email textbox: seleniumonline8788@mailinator.com
[INFO ] [2022-10-11 17:24:20,447] Step: input to Password textbox: Abc@123
[INFO ] [2022-10-11 17:24:20,530] Step: click to Login button
[INFO ] [2022-10-11 17:24:21,238] Step: assert the Results
[INFO ] [2022-10-11 17:24:21,307] OS name = windows 10
[INFO ] [2022-10-11 17:24:21,307] Driver instance name = firefoxdriver: firefox on windows (aa77660f-3a02-49e4-b3e6-160ec2f5efec)
